[debug] [2022-11-30T16:56:01.388Z] ----------------------------------------------------------------------
[debug] [2022-11-30T16:56:01.393Z] Command:       C:\Program Files\nodejs\node.exe C:\Users\Muhammad Affan\AppData\Roaming\npm\node_modules\firebase-tools\lib\bin\firebase.js init
[debug] [2022-11-30T16:56:01.394Z] CLI Version:   11.14.4
[debug] [2022-11-30T16:56:01.394Z] Platform:      win32
[debug] [2022-11-30T16:56:01.394Z] Node Version:  v16.17.1
[debug] [2022-11-30T16:56:01.396Z] Time:          Wed Nov 30 2022 08:56:01 GMT-0800 (Pacific Standard Time)
[debug] [2022-11-30T16:56:01.397Z] ----------------------------------------------------------------------
[debug] 
[debug] [2022-11-30T16:56:01.415Z] > command requires scopes: ["email","openid","https://www.googleapis.com/auth/cloudplatformprojects.readonly","https://www.googleapis.com/auth/firebase","https://www.googleapis.com/auth/cloud-platform"]
[debug] [2022-11-30T16:56:01.416Z] > authorizing via signed-in user (affanashfaq786@gmail.com)
[info] 
     ######## #### ########  ######## ########     ###     ######  ########
     ##        ##  ##     ## ##       ##     ##  ##   ##  ##       ##
     ######    ##  ########  ######   ########  #########  ######  ######
     ##        ##  ##    ##  ##       ##     ## ##     ##       ## ##
     ##       #### ##     ## ######## ########  ##     ##  ######  ########

You're about to initialize a Firebase project in this directory:

  C:\Users\Muhammad Affan\Desktop\Claculator

[info] 
=== Project Setup
[info] 
[info] First, let's associate this project directory with a Firebase project.
[info] You can create multiple project aliases by running firebase use --add, 
[info] but for now we'll just set up a default project.
[info] 
[info] 
=== Database Setup
[info] 
[info] Firebase Realtime Database Security Rules allow you to define how your data should be
[info] structured and when your data can be read from and written to.
[info] 
[debug] [2022-11-30T16:57:31.015Z] ----------------------------------------------------------------------
[debug] [2022-11-30T16:57:31.019Z] Command:       C:\Program Files\nodejs\node.exe C:\Users\Muhammad Affan\AppData\Roaming\npm\node_modules\firebase-tools\lib\bin\firebase.js init
[debug] [2022-11-30T16:57:31.020Z] CLI Version:   11.14.4
[debug] [2022-11-30T16:57:31.020Z] Platform:      win32
[debug] [2022-11-30T16:57:31.020Z] Node Version:  v16.17.1
[debug] [2022-11-30T16:57:31.022Z] Time:          Wed Nov 30 2022 08:57:31 GMT-0800 (Pacific Standard Time)
[debug] [2022-11-30T16:57:31.023Z] ----------------------------------------------------------------------
[debug] 
[debug] [2022-11-30T16:57:31.039Z] > command requires scopes: ["email","openid","https://www.googleapis.com/auth/cloudplatformprojects.readonly","https://www.googleapis.com/auth/firebase","https://www.googleapis.com/auth/cloud-platform"]
[debug] [2022-11-30T16:57:31.040Z] > authorizing via signed-in user (affanashfaq786@gmail.com)
[info] 
     ######## #### ########  ######## ########     ###     ######  ########
     ##        ##  ##     ## ##       ##     ##  ##   ##  ##       ##
     ######    ##  ########  ######   ########  #########  ######  ######
     ##        ##  ##    ##  ##       ##     ## ##     ##       ## ##
     ##       #### ##     ## ######## ########  ##     ##  ######  ########

You're about to initialize a Firebase project in this directory:

  C:\Users\Muhammad Affan\Desktop\Claculator

[info] 
=== Project Setup
[info] 
[info] First, let's associate this project directory with a Firebase project.
[info] You can create multiple project aliases by running firebase use --add, 
[info] but for now we'll just set up a default project.
[info] 
[info] i  If you want to create a project in a Google Cloud organization or folder, please use "firebase projects:create" instead, and return to this command when you've created the project. 
[debug] [2022-11-30T16:59:08.594Z] ----------------------------------------------------------------------
[debug] [2022-11-30T16:59:08.598Z] Command:       C:\Program Files\nodejs\node.exe C:\Users\Muhammad Affan\AppData\Roaming\npm\node_modules\firebase-tools\lib\bin\firebase.js init
[debug] [2022-11-30T16:59:08.599Z] CLI Version:   11.14.4
[debug] [2022-11-30T16:59:08.600Z] Platform:      win32
[debug] [2022-11-30T16:59:08.600Z] Node Version:  v16.17.1
[debug] [2022-11-30T16:59:08.602Z] Time:          Wed Nov 30 2022 08:59:08 GMT-0800 (Pacific Standard Time)
[debug] [2022-11-30T16:59:08.603Z] ----------------------------------------------------------------------
[debug] 
[debug] [2022-11-30T16:59:08.618Z] > command requires scopes: ["email","openid","https://www.googleapis.com/auth/cloudplatformprojects.readonly","https://www.googleapis.com/auth/firebase","https://www.googleapis.com/auth/cloud-platform"]
[debug] [2022-11-30T16:59:08.619Z] > authorizing via signed-in user (affanashfaq786@gmail.com)
[info] 
     ######## #### ########  ######## ########     ###     ######  ########
     ##        ##  ##     ## ##       ##     ##  ##   ##  ##       ##
     ######    ##  ########  ######   ########  #########  ######  ######
     ##        ##  ##    ##  ##       ##     ## ##     ##       ## ##
     ##       #### ##     ## ######## ########  ##     ##  ######  ########

You're about to initialize a Firebase project in this directory:

  C:\Users\Muhammad Affan\Desktop\Claculator

[info] 
=== Project Setup
[info] 
[info] First, let's associate this project directory with a Firebase project.
[info] You can create multiple project aliases by running firebase use --add, 
[info] but for now we'll just set up a default project.
[info] 
[info] i  If you want to create a project in a Google Cloud organization or folder, please use "firebase projects:create" instead, and return to this command when you've created the project. 
[debug] [2022-11-30T17:00:18.451Z] > refreshing access token with scopes: []
[debug] [2022-11-30T17:00:18.455Z] >>> [apiv2][query] POST https://www.googleapis.com/oauth2/v3/token [none]
[debug] [2022-11-30T17:00:18.455Z] >>> [apiv2][body] POST https://www.googleapis.com/oauth2/v3/token [omitted]
[debug] [2022-11-30T17:00:18.949Z] <<< [apiv2][status] POST https://www.googleapis.com/oauth2/v3/token 200
[debug] [2022-11-30T17:00:18.950Z] <<< [apiv2][body] POST https://www.googleapis.com/oauth2/v3/token [omitted]
[debug] [2022-11-30T17:00:19.014Z] >>> [apiv2][query] POST https://cloudresourcemanager.googleapis.com/v1/projects [none]
[debug] [2022-11-30T17:00:19.014Z] >>> [apiv2][body] POST https://cloudresourcemanager.googleapis.com/v1/projects {"projectId":" ","name":"calculaator"}
[debug] [2022-11-30T17:00:20.638Z] <<< [apiv2][status] POST https://cloudresourcemanager.googleapis.com/v1/projects 400
[debug] [2022-11-30T17:00:20.639Z] <<< [apiv2][body] POST https://cloudresourcemanager.googleapis.com/v1/projects {"error":{"code":400,"message":"Request contains an invalid argument.","status":"INVALID_ARGUMENT","details":[{"@type":"type.googleapis.com/google.rpc.BadRequest","fieldViolations":[{"field":"project_id","description":"project_id must be at least 6 characters long"},{"field":"project_id","description":"project_id contains invalid characters"}]},{"@type":"type.googleapis.com/google.rpc.Help","links":[{"url":"https://cloud.google.com/resource-manager/reference/rest/v1/projects"}]}]}}
[debug] [2022-11-30T17:00:21.132Z] FirebaseError: HTTP Error: 400, Request contains an invalid argument.
    at responseToError (C:\Users\Muhammad Affan\AppData\Roaming\npm\node_modules\firebase-tools\lib\responseToError.js:49:12)
    at RetryOperation._fn (C:\Users\Muhammad Affan\AppData\Roaming\npm\node_modules\firebase-tools\lib\apiv2.js:288:77)
    at processTicksAndRejections (node:internal/process/task_queues:96:5)
[error] 
[error] Error: Failed to create project. See firebase-debug.log for more info.
[debug] [2022-11-30T17:00:36.483Z] ----------------------------------------------------------------------
[debug] [2022-11-30T17:00:36.493Z] Command:       C:\Program Files\nodejs\node.exe C:\Users\Muhammad Affan\AppData\Roaming\npm\node_modules\firebase-tools\lib\bin\firebase.js init
[debug] [2022-11-30T17:00:36.495Z] CLI Version:   11.14.4
[debug] [2022-11-30T17:00:36.495Z] Platform:      win32
[debug] [2022-11-30T17:00:36.496Z] Node Version:  v16.17.1
[debug] [2022-11-30T17:00:36.500Z] Time:          Wed Nov 30 2022 09:00:36 GMT-0800 (Pacific Standard Time)
[debug] [2022-11-30T17:00:36.502Z] ----------------------------------------------------------------------
[debug] 
[debug] [2022-11-30T17:00:36.529Z] > command requires scopes: ["email","openid","https://www.googleapis.com/auth/cloudplatformprojects.readonly","https://www.googleapis.com/auth/firebase","https://www.googleapis.com/auth/cloud-platform"]
[debug] [2022-11-30T17:00:36.531Z] > authorizing via signed-in user (affanashfaq786@gmail.com)
[info] 
     ######## #### ########  ######## ########     ###     ######  ########
     ##        ##  ##     ## ##       ##     ##  ##   ##  ##       ##
     ######    ##  ########  ######   ########  #########  ######  ######
     ##        ##  ##    ##  ##       ##     ## ##     ##       ## ##
     ##       #### ##     ## ######## ########  ##     ##  ######  ########

You're about to initialize a Firebase project in this directory:

  C:\Users\Muhammad Affan\Desktop\Claculator

